Daily activity on Fri Sep 19 08:48:39 UTC 2025
Daily activity on Sat Sep 20 06:18:39 UTC 2025
Daily activity on Sun Sep 21 06:19:18 UTC 2025
Daily activity on Mon Sep 22 06:22:16 UTC 2025
Daily activity on Tue Sep 23 06:21:30 UTC 2025
Daily activity on Wed Sep 24 06:21:06 UTC 2025
Daily activity on Thu Sep 25 06:21:32 UTC 2025
Daily activity on Fri Sep 26 06:20:44 UTC 2025
Daily activity on Sat Sep 27 06:17:37 UTC 2025
Daily activity on Sun Sep 28 06:19:16 UTC 2025
Daily activity on Mon Sep 29 06:22:10 UTC 2025
Daily activity on Tue Sep 30 06:21:47 UTC 2025
Daily activity on Wed Oct  1 06:21:10 UTC 2025
Daily activity on Thu Oct  2 06:20:45 UTC 2025
Daily activity on Fri Oct  3 06:20:08 UTC 2025
Daily activity on Sat Oct  4 06:18:32 UTC 2025
Daily activity on Sun Oct  5 06:18:26 UTC 2025
Daily activity on Mon Oct  6 06:21:42 UTC 2025
Daily activity on Tue Oct  7 06:20:50 UTC 2025
Daily activity on Wed Oct  8 06:21:09 UTC 2025
Daily activity on Thu Oct  9 06:21:29 UTC 2025
Daily activity on Fri Oct 10 06:21:19 UTC 2025
Daily activity on Sat Oct 11 06:18:37 UTC 2025
Daily activity on Sun Oct 12 06:18:33 UTC 2025
Daily activity on Mon Oct 13 06:22:50 UTC 2025
Daily activity on Tue Oct 14 06:21:20 UTC 2025
Daily activity on Wed Oct 15 06:21:35 UTC 2025
Daily activity on Thu Oct 16 06:21:26 UTC 2025
Daily activity on Fri Oct 17 06:20:36 UTC 2025
Daily activity on Sat Oct 18 06:18:50 UTC 2025
Daily activity on Sun Oct 19 06:19:57 UTC 2025
Daily activity on Mon Oct 20 06:21:49 UTC 2025
Daily activity on Tue Oct 21 06:21:37 UTC 2025
Daily activity on Wed Oct 22 06:22:04 UTC 2025
Daily activity on Thu Oct 23 06:21:37 UTC 2025
Daily activity on Fri Oct 24 06:20:42 UTC 2025
Daily activity on Sat Oct 25 06:18:58 UTC 2025
Daily activity on Sun Oct 26 06:19:33 UTC 2025
Daily activity on Mon Oct 27 06:24:02 UTC 2025
Daily activity on Tue Oct 28 06:22:30 UTC 2025
